<?xml version="1.0" encoding="UTF-8"?>
<!-- Generated by org.testng.reporters.JUnitXMLReporter -->
<testsuite ignored="3" hostname="LAPTOP-2CHB2D17" failures="0" tests="2" name="Test(failed)" time="0.03" errors="0" timestamp="2023-05-16T02:15:35 EDT">
  <testcase classname="smarttech.ny.hooks.FailedTestCases" name="getTestFive" time="0.006"/>
  <testcase classname="smarttech.ny.hooks.FailedTestCases" name="getTestOne" time="0.001"/>
  <testcase classname="smarttech.ny.hooks.FailedTestCases" name="getTestTwo" time="0.0">
    <ignored/>
  </testcase> <!-- getTestTwo -->
  <testcase classname="smarttech.ny.hooks.FailedTestCases" name="getTestFour" time="0.0">
    <ignored/>
  </testcase> <!-- getTestFour -->
  <testcase classname="smarttech.ny.hooks.FailedTestCases" name="getTestThree" time="0.0">
    <ignored/>
  </testcase> <!-- getTestThree -->
</testsuite> <!-- Test(failed) -->
